Determining if the pthread_create exist failed with the following output:
Change Dir: /home/mli/Documents/cuda_programming/stepsby/3checkDimension/build/CMakeFiles/CMakeTmp

Run Build Command:"/usr/bin/make" "cmTC_62f1d/fast"
/usr/bin/make -f CMakeFiles/cmTC_62f1d.dir/build.make CMakeFiles/cmTC_62f1d.dir/build
make[1]: Entering directory `/home/mli/Documents/cuda_programming/stepsby/3checkDimension/build/CMakeFiles/CMakeTmp'
Building C object CMakeFiles/cmTC_62f1d.dir/CheckSymbolExists.c.o
/usr/bin/cc    -fPIC    -o CMakeFiles/cmTC_62f1d.dir/CheckSymbolExists.c.o   -c /home/mli/Documents/cuda_programming/stepsby/3checkDimension/build/CMakeFiles/CMakeTmp/CheckSymbolExists.c
Linking C executable cmTC_62f1d
/usr/local/bin/cmake -E cmake_link_script CMakeFiles/cmTC_62f1d.dir/link.txt --verbose=1
/usr/bin/cc  -fPIC     CMakeFiles/cmTC_62f1d.dir/CheckSymbolExists.c.o  -o cmTC_62f1d -rdynamic 
CMakeFiles/cmTC_62f1d.dir/CheckSymbolExists.c.o: In function `main':
CheckSymbolExists.c:(.text+0x1b): undefined reference to `pthread_create'
collect2: error: ld returned 1 exit status
make[1]: *** [cmTC_62f1d] Error 1
make[1]: Leaving directory `/home/mli/Documents/cuda_programming/stepsby/3checkDimension/build/CMakeFiles/CMakeTmp'
make: *** [cmTC_62f1d/fast] Error 2

File /home/mli/Documents/cuda_programming/stepsby/3checkDimension/build/CMakeFiles/CMakeTmp/CheckSymbolExists.c:
/* */
#include <pthread.h>

int main(int argc, char** argv)
{
  (void)argv;
#ifndef pthread_create
  return ((int*)(&pthread_create))[argc];
#else
  (void)argc;
  return 0;
#endif
}

Determining if the function pthread_create exists in the pthreads failed with the following output:
Change Dir: /home/mli/Documents/cuda_programming/stepsby/3checkDimension/build/CMakeFiles/CMakeTmp

Run Build Command:"/usr/bin/make" "cmTC_d0bcd/fast"
/usr/bin/make -f CMakeFiles/cmTC_d0bcd.dir/build.make CMakeFiles/cmTC_d0bcd.dir/build
make[1]: Entering directory `/home/mli/Documents/cuda_programming/stepsby/3checkDimension/build/CMakeFiles/CMakeTmp'
Building C object CMakeFiles/cmTC_d0bcd.dir/CheckFunctionExists.c.o
/usr/bin/cc    -fPIC -DCHECK_FUNCTION_EXISTS=pthread_create   -o CMakeFiles/cmTC_d0bcd.dir/CheckFunctionExists.c.o   -c /usr/local/share/cmake-3.7/Modules/CheckFunctionExists.c
Linking C executable cmTC_d0bcd
/usr/local/bin/cmake -E cmake_link_script CMakeFiles/cmTC_d0bcd.dir/link.txt --verbose=1
/usr/bin/cc  -fPIC -DCHECK_FUNCTION_EXISTS=pthread_create    CMakeFiles/cmTC_d0bcd.dir/CheckFunctionExists.c.o  -o cmTC_d0bcd -rdynamic -lpthreads 
/usr/bin/ld: cannot find -lpthreads
collect2: error: ld returned 1 exit status
make[1]: *** [cmTC_d0bcd] Error 1
make[1]: Leaving directory `/home/mli/Documents/cuda_programming/stepsby/3checkDimension/build/CMakeFiles/CMakeTmp'
make: *** [cmTC_d0bcd/fast] Error 2


