Determining if the pthread_create exist failed with the following output:
Change Dir: /home/mli/Documents/cuda_programming/stepsby/8warpDivergence/build/CMakeFiles/CMakeTmp

Run Build Command:"/usr/bin/make" "cmTC_927b3/fast"
/usr/bin/make -f CMakeFiles/cmTC_927b3.dir/build.make CMakeFiles/cmTC_927b3.dir/build
make[1]: Entering directory `/home/mli/Documents/cuda_programming/stepsby/8warpDivergence/build/CMakeFiles/CMakeTmp'
Building C object CMakeFiles/cmTC_927b3.dir/CheckSymbolExists.c.o
/usr/bin/cc    -fPIC    -o CMakeFiles/cmTC_927b3.dir/CheckSymbolExists.c.o   -c /home/mli/Documents/cuda_programming/stepsby/8warpDivergence/build/CMakeFiles/CMakeTmp/CheckSymbolExists.c
Linking C executable cmTC_927b3
/usr/local/bin/cmake -E cmake_link_script CMakeFiles/cmTC_927b3.dir/link.txt --verbose=1
/usr/bin/cc  -fPIC     CMakeFiles/cmTC_927b3.dir/CheckSymbolExists.c.o  -o cmTC_927b3 -rdynamic 
CMakeFiles/cmTC_927b3.dir/CheckSymbolExists.c.o: In function `main':
CheckSymbolExists.c:(.text+0x1b): undefined reference to `pthread_create'
collect2: error: ld returned 1 exit status
make[1]: *** [cmTC_927b3] Error 1
make[1]: Leaving directory `/home/mli/Documents/cuda_programming/stepsby/8warpDivergence/build/CMakeFiles/CMakeTmp'
make: *** [cmTC_927b3/fast] Error 2

File /home/mli/Documents/cuda_programming/stepsby/8warpDivergence/build/CMakeFiles/CMakeTmp/CheckSymbolExists.c:
/* */
#include <pthread.h>

int main(int argc, char** argv)
{
  (void)argv;
#ifndef pthread_create
  return ((int*)(&pthread_create))[argc];
#else
  (void)argc;
  return 0;
#endif
}

Determining if the function pthread_create exists in the pthreads failed with the following output:
Change Dir: /home/mli/Documents/cuda_programming/stepsby/8warpDivergence/build/CMakeFiles/CMakeTmp

Run Build Command:"/usr/bin/make" "cmTC_0012a/fast"
/usr/bin/make -f CMakeFiles/cmTC_0012a.dir/build.make CMakeFiles/cmTC_0012a.dir/build
make[1]: Entering directory `/home/mli/Documents/cuda_programming/stepsby/8warpDivergence/build/CMakeFiles/CMakeTmp'
Building C object CMakeFiles/cmTC_0012a.dir/CheckFunctionExists.c.o
/usr/bin/cc    -fPIC -DCHECK_FUNCTION_EXISTS=pthread_create   -o CMakeFiles/cmTC_0012a.dir/CheckFunctionExists.c.o   -c /usr/local/share/cmake-3.7/Modules/CheckFunctionExists.c
Linking C executable cmTC_0012a
/usr/local/bin/cmake -E cmake_link_script CMakeFiles/cmTC_0012a.dir/link.txt --verbose=1
/usr/bin/cc  -fPIC -DCHECK_FUNCTION_EXISTS=pthread_create    CMakeFiles/cmTC_0012a.dir/CheckFunctionExists.c.o  -o cmTC_0012a -rdynamic -lpthreads 
/usr/bin/ld: cannot find -lpthreads
collect2: error: ld returned 1 exit status
make[1]: *** [cmTC_0012a] Error 1
make[1]: Leaving directory `/home/mli/Documents/cuda_programming/stepsby/8warpDivergence/build/CMakeFiles/CMakeTmp'
make: *** [cmTC_0012a/fast] Error 2


